This file contains any messages produced by compilers while
running configure, to aid debugging if configure makes a mistake.

It was created by radmat configure 1.0, which was
generated by GNU Autoconf 2.68.  Invocation command line was

  $ ./configure --prefix=/Users/shultz/jlab/ CFLAGS=-O0 -g -Wall -fargument-noalias-global -finline-limit=50000 -funroll-all-loops -fpeel-loops -march=nocona -fopenmp -DUSE_OMP CXX=g++ CXXFLAGS=-O0 -g -Wall -fargument-noalias-global -finline-limit=50000 -funroll-all-loops -fpeel-loops -march=nocona -fopenmp -DUSE_OMP LIBS=-lblas -llapack -lgfortran -lpthread --with-adat=/Users/shultz/jlab/git/adat --with-itpp=/Users/shultz/jlab

## --------- ##
## Platform. ##
## --------- ##

hostname = My-MacBook-Pro.local
uname -m = x86_64
uname -r = 11.3.0
uname -s = Darwin
uname -v = Darwin Kernel Version 11.3.0: Thu Jan 12 18:47:41 PST 2012; root:xnu-1699.24.23~1/RELEASE_X86_64

/usr/bin/uname -p = i386
/bin/uname -X     = unknown

/bin/arch              = unknown
/usr/bin/arch -k       = unknown
/usr/convex/getsysinfo = unknown
/usr/bin/hostinfo      = Mach kernel version:
	 Darwin Kernel Version 11.3.0: Thu Jan 12 18:47:41 PST 2012; root:xnu-1699.24.23~1/RELEASE_X86_64
Kernel configured for up to 8 processors.
4 processors are physically available.
8 processors are logically available.
Processor type: i486 (Intel 80486)
Processors active: 0 1 2 3 4 5 6 7
Primary memory available: 8.00 gigabytes
Default processor set: 89 tasks, 383 threads, 8 processors
Load average: 0.79, Mach factor: 7.20
/bin/machine           = unknown
/usr/bin/oslevel       = unknown
/bin/universe          = unknown

PATH: /opt/local/bin
PATH: /opt/local/sbin
PATH: /opt/local/bin
PATH: /opt/local/sbin
PATH: /opt/local/bin
PATH: /opt/local/sbin
PATH: /usr/bin
PATH: /bin
PATH: /usr/sbin
PATH: /sbin
PATH: /usr/local/bin
PATH: /usr/X11/bin
PATH: /usr/texbin
PATH: /Users/shultz/jlab/bin
PATH: /Users/shultz/jlab/utils/ensbc
PATH: /Users/shultz/jlab/git/reconfit_svd/src


## ----------- ##
## Core tests. ##
## ----------- ##

configure:2033: checking for C++ compiler version
configure:2042: g++ --version >&5
i686-apple-darwin11-llvm-g++-4.2 (GCC) 4.2.1 (Based on Apple Inc. build 5658) (LLVM build 2336.9.00)
Copyright (C) 2007 Free Software Foundation, Inc.
This is free software; see the source for copying conditions.  There is NO
warranty; not even for MERCHANTABILITY or FITNESS FOR A PARTICULAR PURPOSE.

configure:2053: $? = 0
configure:2042: g++ -v >&5
Using built-in specs.
Target: i686-apple-darwin11
Configured with: /private/var/tmp/llvmgcc42/llvmgcc42-2336.9~22/src/configure --disable-checking --enable-werror --prefix=/Applications/Xcode.app/Contents/Developer/usr/llvm-gcc-4.2 --mandir=/share/man --enable-languages=c,objc,c++,obj-c++ --program-prefix=llvm- --program-transform-name=/^[cg][^.-]*$/s/$/-4.2/ --with-slibdir=/usr/lib --build=i686-apple-darwin11 --enable-llvm=/private/var/tmp/llvmgcc42/llvmgcc42-2336.9~22/dst-llvmCore/Developer/usr/local --program-prefix=i686-apple-darwin11- --host=x86_64-apple-darwin11 --target=i686-apple-darwin11 --with-gxx-include-dir=/usr/include/c++/4.2.1
Thread model: posix
gcc version 4.2.1 (Based on Apple Inc. build 5658) (LLVM build 2336.9.00)
configure:2053: $? = 0
configure:2042: g++ -V >&5
llvm-g++-4.2: argument to `-V' is missing
configure:2053: $? = 1
configure:2042: g++ -qversion >&5
i686-apple-darwin11-llvm-g++-4.2: no input files
configure:2053: $? = 1
configure:2073: checking whether the C++ compiler works
configure:2095: g++ -O0 -g -Wall -fargument-noalias-global -finline-limit=50000 -funroll-all-loops -fpeel-loops -march=nocona -fopenmp -DUSE_OMP   conftest.cpp -lblas -llapack -lgfortran -lpthread >&5
configure:2099: $? = 0
configure:2147: result: yes
configure:2150: checking for C++ compiler default output file name
configure:2152: result: a.out
configure:2158: checking for suffix of executables
configure:2165: g++ -o conftest -O0 -g -Wall -fargument-noalias-global -finline-limit=50000 -funroll-all-loops -fpeel-loops -march=nocona -fopenmp -DUSE_OMP   conftest.cpp -lblas -llapack -lgfortran -lpthread >&5
configure:2169: $? = 0
configure:2191: result: 
configure:2213: checking whether we are cross compiling
configure:2221: g++ -o conftest -O0 -g -Wall -fargument-noalias-global -finline-limit=50000 -funroll-all-loops -fpeel-loops -march=nocona -fopenmp -DUSE_OMP   conftest.cpp -lblas -llapack -lgfortran -lpthread >&5
configure:2225: $? = 0
configure:2232: ./conftest
configure:2236: $? = 0
configure:2251: result: no
configure:2256: checking for suffix of object files
configure:2278: g++ -c -O0 -g -Wall -fargument-noalias-global -finline-limit=50000 -funroll-all-loops -fpeel-loops -march=nocona -fopenmp -DUSE_OMP  conftest.cpp >&5
configure:2282: $? = 0
configure:2303: result: o
configure:2307: checking whether we are using the GNU C++ compiler
configure:2326: g++ -c -O0 -g -Wall -fargument-noalias-global -finline-limit=50000 -funroll-all-loops -fpeel-loops -march=nocona -fopenmp -DUSE_OMP  conftest.cpp >&5
configure:2326: $? = 0
configure:2335: result: yes
configure:2344: checking whether g++ accepts -g
configure:2364: g++ -c -g  conftest.cpp >&5
configure:2364: $? = 0
configure:2405: result: yes
configure:2482: checking for gcc
configure:2498: found /usr/bin/gcc
configure:2509: result: gcc
configure:2540: checking for C compiler version
configure:2549: gcc --version >&5
i686-apple-darwin11-llvm-gcc-4.2 (GCC) 4.2.1 (Based on Apple Inc. build 5658) (LLVM build 2336.9.00)
Copyright (C) 2007 Free Software Foundation, Inc.
This is free software; see the source for copying conditions.  There is NO
warranty; not even for MERCHANTABILITY or FITNESS FOR A PARTICULAR PURPOSE.

configure:2560: $? = 0
configure:2549: gcc -v >&5
Using built-in specs.
Target: i686-apple-darwin11
Configured with: /private/var/tmp/llvmgcc42/llvmgcc42-2336.9~22/src/configure --disable-checking --enable-werror --prefix=/Applications/Xcode.app/Contents/Developer/usr/llvm-gcc-4.2 --mandir=/share/man --enable-languages=c,objc,c++,obj-c++ --program-prefix=llvm- --program-transform-name=/^[cg][^.-]*$/s/$/-4.2/ --with-slibdir=/usr/lib --build=i686-apple-darwin11 --enable-llvm=/private/var/tmp/llvmgcc42/llvmgcc42-2336.9~22/dst-llvmCore/Developer/usr/local --program-prefix=i686-apple-darwin11- --host=x86_64-apple-darwin11 --target=i686-apple-darwin11 --with-gxx-include-dir=/usr/include/c++/4.2.1
Thread model: posix
gcc version 4.2.1 (Based on Apple Inc. build 5658) (LLVM build 2336.9.00)
configure:2560: $? = 0
configure:2549: gcc -V >&5
llvm-gcc-4.2: argument to `-V' is missing
configure:2560: $? = 1
configure:2549: gcc -qversion >&5
i686-apple-darwin11-llvm-gcc-4.2: no input files
configure:2560: $? = 1
configure:2564: checking whether we are using the GNU C compiler
configure:2583: gcc -c -O0 -g -Wall -fargument-noalias-global -finline-limit=50000 -funroll-all-loops -fpeel-loops -march=nocona -fopenmp -DUSE_OMP  conftest.c >&5
configure:2583: $? = 0
configure:2592: result: yes
configure:2601: checking whether gcc accepts -g
configure:2621: gcc -c -g  conftest.c >&5
configure:2621: $? = 0
configure:2662: result: yes
configure:2679: checking for gcc option to accept ISO C89
configure:2743: gcc  -c -O0 -g -Wall -fargument-noalias-global -finline-limit=50000 -funroll-all-loops -fpeel-loops -march=nocona -fopenmp -DUSE_OMP  conftest.c >&5
configure:2743: $? = 0
configure:2756: result: none needed
configure:2819: checking for ranlib
configure:2835: found /usr/bin/ranlib
configure:2846: result: ranlib
configure:2885: checking for a BSD-compatible install
configure:2953: result: /usr/bin/install -c
configure:2964: checking whether build environment is sane
configure:3014: result: yes
configure:3155: checking for a thread-safe mkdir -p
configure:3194: result: config/install-sh -c -d
configure:3207: checking for gawk
configure:3237: result: no
configure:3207: checking for mawk
configure:3237: result: no
configure:3207: checking for nawk
configure:3237: result: no
configure:3207: checking for awk
configure:3223: found /usr/bin/awk
configure:3234: result: awk
configure:3245: checking whether make sets $(MAKE)
configure:3267: result: yes
configure:3297: checking for style of include used by make
configure:3325: result: GNU
configure:3411: checking dependency style of gcc
configure:3522: result: gcc3
configure:3539: checking dependency style of g++
configure:3650: result: gcc3
configure:3722: checking for adat-config
configure:3741: found /Users/shultz/jlab/bin/adat-config
configure:3753: result: /Users/shultz/jlab/bin/adat-config
configure:3767: Found ADAT configuration program /Users/shultz/jlab/bin/adat-config
configure:3771: ADAT compiler: g++
configure:3775: ADAT compile flags: -O3 -fargument-noalias-global -finline-limit=50000 -funroll-all-loops -fpeel-loops -march=nocona -fopenmp -DUSE_OMP -I/Users/shultz/jlab//include -I/opt/local/include/libxml2
configure:3779: ADAT linking flags: -L/Users/shultz/jlab//lib
configure:3783: ADAT libraries flags: -ladat -lfiledb -lfilehash -lXPathReader -lxmlWriter -lMinuit2Base -L/opt/local/lib -lxml2 -lz -lpthread -liconv -lm -lblas -llapack -lgfortran -lpthread
configure:3789: checking if we can compile/link a simple adat program
configure:3830: g++ -o conftest -O0 -g -Wall -fargument-noalias-global -finline-limit=50000 -funroll-all-loops -fpeel-loops -march=nocona -fopenmp -DUSE_OMP -O3 -fargument-noalias-global -finline-limit=50000 -funroll-all-loops -fpeel-loops -march=nocona -fopenmp -DUSE_OMP -I/Users/shultz/jlab//include -I/opt/local/include/libxml2   -L/Users/shultz/jlab//lib conftest.cpp -lblas -llapack -lgfortran -lpthread -ladat -lfiledb -lfilehash -lXPathReader -lxmlWriter -lMinuit2Base -L/opt/local/lib -lxml2 -lz -lpthread -liconv -lm -lblas -llapack -lgfortran -lpthread >&5
conftest.cpp: In function 'int main()':
conftest.cpp:21: warning: deprecated conversion from string constant to 'char*'
conftest.cpp:19: warning: unused variable 'argc'
conftest.cpp:19: warning: unused variable 'argv'
configure:3830: $? = 0
configure:3857: result: yes
configure:3879: "Using ITPP in /Users/shultz/jlab"
configure:3883: checking for itpp-config
configure:3902: found /Users/shultz/jlab/bin/itpp-config
configure:3914: result: /Users/shultz/jlab/bin/itpp-config
configure:3925: Found ITPP configuration program /Users/shultz/jlab/bin/itpp-config
configure:3929: ITPP compile flags:  -I/Users/shultz/jlab/include -DNDEBUG -O3 -pipe
configure:3933: ITPP libraries flags:  -L/Users/shultz/jlab/lib -litpp -llapack -lblas
configure:3992: checking for semble-config
configure:4010: found /Users/shultz/jlab/bin/semble-config
configure:4022: result: /Users/shultz/jlab/bin/semble-config
configure:4080: Found semble configuration program /Users/shultz/jlab/bin/semble-config
configure:4084: semble compiler: g++
configure:4088: semble compile flags: -O3 -fargument-noalias-global -finline-limit=50000 -funroll-all-loops -fpeel-loops -march=nocona -fopenmp -DUSE_OMP -I/Users/shultz/jlab/include
configure:4092: semble linking flags: -L/Users/shultz/jlab/lib
configure:4096: semble libraries flags: -lblas -llapack -lgfortran -litpp -lsemble
configure:4297: creating ./config.status

## ---------------------- ##
## Running config.status. ##
## ---------------------- ##

This file was extended by radmat config.status 1.0, which was
generated by GNU Autoconf 2.68.  Invocation command line was

  CONFIG_FILES    = 
  CONFIG_HEADERS  = 
  CONFIG_LINKS    = 
  CONFIG_COMMANDS = 
  $ ./config.status 

on My-MacBook-Pro.local

config.status:807: creating Makefile
config.status:807: creating lib/Makefile
config.status:807: creating main/Makefile
config.status:807: creating tests/Makefile
config.status:979: executing depfiles commands

## ---------------- ##
## Cache variables. ##
## ---------------- ##

ac_cv_c_compiler_gnu=yes
ac_cv_cxx_compiler_gnu=yes
ac_cv_env_CCC_set=
ac_cv_env_CCC_value=
ac_cv_env_CC_set=
ac_cv_env_CC_value=
ac_cv_env_CFLAGS_set=set
ac_cv_env_CFLAGS_value='-O0 -g -Wall -fargument-noalias-global -finline-limit=50000 -funroll-all-loops -fpeel-loops -march=nocona -fopenmp -DUSE_OMP'
ac_cv_env_CPPFLAGS_set=
ac_cv_env_CPPFLAGS_value=
ac_cv_env_CXXFLAGS_set=set
ac_cv_env_CXXFLAGS_value='-O0 -g -Wall -fargument-noalias-global -finline-limit=50000 -funroll-all-loops -fpeel-loops -march=nocona -fopenmp -DUSE_OMP'
ac_cv_env_CXX_set=set
ac_cv_env_CXX_value=g++
ac_cv_env_LDFLAGS_set=
ac_cv_env_LDFLAGS_value=
ac_cv_env_LIBS_set=set
ac_cv_env_LIBS_value='-lblas -llapack -lgfortran -lpthread'
ac_cv_env_build_alias_set=
ac_cv_env_build_alias_value=
ac_cv_env_host_alias_set=
ac_cv_env_host_alias_value=
ac_cv_env_target_alias_set=
ac_cv_env_target_alias_value=
ac_cv_objext=o
ac_cv_path_ADAT_CONFIG=/Users/shultz/jlab/bin/adat-config
ac_cv_path_ITPP_CONFIG=/Users/shultz/jlab/bin/itpp-config
ac_cv_path_SEMBLE_CONFIG=/Users/shultz/jlab/bin/semble-config
ac_cv_path_install='/usr/bin/install -c'
ac_cv_prog_AWK=awk
ac_cv_prog_ac_ct_CC=gcc
ac_cv_prog_ac_ct_RANLIB=ranlib
ac_cv_prog_cc_c89=
ac_cv_prog_cc_g=yes
ac_cv_prog_cxx_g=yes
ac_cv_prog_make_make_set=yes
am_cv_CC_dependencies_compiler_type=gcc3
am_cv_CXX_dependencies_compiler_type=gcc3

## ----------------- ##
## Output variables. ##
## ----------------- ##

ACLOCAL='${SHELL} /Users/shultz/jlab/git/radmat/config/missing --run aclocal-1.11'
ADAT_CONFIG='/Users/shultz/jlab/bin/adat-config'
ADAT_CXXFLAGS='-O3 -fargument-noalias-global -finline-limit=50000 -funroll-all-loops -fpeel-loops -march=nocona -fopenmp -DUSE_OMP -I/Users/shultz/jlab//include -I/opt/local/include/libxml2'
ADAT_LDFLAGS='-L/Users/shultz/jlab//lib'
ADAT_LIBS='-ladat -lfiledb -lfilehash -lXPathReader -lxmlWriter -lMinuit2Base -L/opt/local/lib -lxml2 -lz -lpthread -liconv -lm -lblas -llapack -lgfortran -lpthread'
ADAT_MPI_COMMS_FALSE=''
ADAT_MPI_COMMS_TRUE='#'
ADAT_SINGLE_COMMS_FALSE='#'
ADAT_SINGLE_COMMS_TRUE=''
AMDEPBACKSLASH='\'
AMDEP_FALSE='#'
AMDEP_TRUE=''
AMTAR='$${TAR-tar}'
AUTOCONF='${SHELL} /Users/shultz/jlab/git/radmat/config/missing --run autoconf'
AUTOHEADER='${SHELL} /Users/shultz/jlab/git/radmat/config/missing --run autoheader'
AUTOMAKE='${SHELL} /Users/shultz/jlab/git/radmat/config/missing --run automake-1.11'
AWK='awk'
CC='gcc'
CCDEPMODE='depmode=gcc3'
CFLAGS='-O0 -g -Wall -fargument-noalias-global -finline-limit=50000 -funroll-all-loops -fpeel-loops -march=nocona -fopenmp -DUSE_OMP'
CPPFLAGS=''
CXX='g++'
CXXDEPMODE='depmode=gcc3'
CXXFLAGS='-O0 -g -Wall -fargument-noalias-global -finline-limit=50000 -funroll-all-loops -fpeel-loops -march=nocona -fopenmp -DUSE_OMP'
CYGPATH_W='echo'
DEFS='-DPACKAGE_NAME=\"radmat\" -DPACKAGE_TARNAME=\"radmat\" -DPACKAGE_VERSION=\"1.0\" -DPACKAGE_STRING=\"radmat\ 1.0\" -DPACKAGE_BUGREPORT=\"shultz@jlab.org\" -DPACKAGE_URL=\"\" -DPACKAGE=\"radmat\" -DVERSION=\"1.0\"'
DEPDIR='.deps'
ECHO_C='\c'
ECHO_N=''
ECHO_T=''
EXEEXT=''
INSTALL_DATA='${INSTALL} -m 644'
INSTALL_PROGRAM='${INSTALL}'
INSTALL_SCRIPT='${INSTALL}'
INSTALL_STRIP_PROGRAM='$(install_sh) -c -s'
ITPP_CONFIG='/Users/shultz/jlab/bin/itpp-config'
ITPP_CXXFLAGS=' -I/Users/shultz/jlab/include -DNDEBUG -O3 -pipe'
ITPP_LIBS=' -L/Users/shultz/jlab/lib -litpp -llapack -lblas'
LDFLAGS=''
LIBOBJS=''
LIBS='-lblas -llapack -lgfortran -lpthread'
LTLIBOBJS=''
MAKEINFO='${SHELL} /Users/shultz/jlab/git/radmat/config/missing --run makeinfo'
MKDIR_P='config/install-sh -c -d'
OBJEXT='o'
PACKAGE='radmat'
PACKAGE_BUGREPORT='shultz@jlab.org'
PACKAGE_NAME='radmat'
PACKAGE_STRING='radmat 1.0'
PACKAGE_TARNAME='radmat'
PACKAGE_URL=''
PACKAGE_VERSION='1.0'
PATH_SEPARATOR=':'
RANLIB='ranlib'
SEMBLE_CONFIG='/Users/shultz/jlab/bin/semble-config'
SEMBLE_CXXFLAGS='-O3 -fargument-noalias-global -finline-limit=50000 -funroll-all-loops -fpeel-loops -march=nocona -fopenmp -DUSE_OMP -I/Users/shultz/jlab/include'
SEMBLE_LDFLAGS='-L/Users/shultz/jlab/lib'
SEMBLE_LIBS='-lblas -llapack -lgfortran -litpp -lsemble'
SET_MAKE=''
SHELL='/bin/sh'
STRIP=''
VERSION='1.0'
ac_ct_CC='gcc'
ac_ct_CXX=''
am__EXEEXT_FALSE=''
am__EXEEXT_TRUE='#'
am__fastdepCC_FALSE='#'
am__fastdepCC_TRUE=''
am__fastdepCXX_FALSE='#'
am__fastdepCXX_TRUE=''
am__include='include'
am__isrc=''
am__leading_dot='.'
am__nodep='_no'
am__quote=''
am__tar='$${TAR-tar} chof - "$$tardir"'
am__untar='$${TAR-tar} xf -'
bindir='${exec_prefix}/bin'
build_alias=''
datadir='${datarootdir}'
datarootdir='${prefix}/share'
docdir='${datarootdir}/doc/${PACKAGE_TARNAME}'
dvidir='${docdir}'
exec_prefix='${prefix}'
host_alias=''
htmldir='${docdir}'
includedir='${prefix}/include'
infodir='${datarootdir}/info'
install_sh='${SHELL} /Users/shultz/jlab/git/radmat/config/install-sh'
libdir='${exec_prefix}/lib'
libexecdir='${exec_prefix}/libexec'
localedir='${datarootdir}/locale'
localstatedir='${prefix}/var'
mandir='${datarootdir}/man'
mkdir_p='$(top_builddir)/config/install-sh -c -d'
oldincludedir='/usr/include'
pdfdir='${docdir}'
prefix='/Users/shultz/jlab'
program_transform_name='s,x,x,'
psdir='${docdir}'
sbindir='${exec_prefix}/sbin'
sharedstatedir='${prefix}/com'
sysconfdir='${prefix}/etc'
target_alias=''

## ----------- ##
## confdefs.h. ##
## ----------- ##

/* confdefs.h */
#define PACKAGE_NAME "radmat"
#define PACKAGE_TARNAME "radmat"
#define PACKAGE_VERSION "1.0"
#define PACKAGE_STRING "radmat 1.0"
#define PACKAGE_BUGREPORT "shultz@jlab.org"
#define PACKAGE_URL ""
#define PACKAGE "radmat"
#define VERSION "1.0"

configure: exit 0
