This file contains any messages produced by compilers while
running configure, to aid debugging if configure makes a mistake.

It was created by radmat configure 1.0, which was
generated by GNU Autoconf 2.63.  Invocation command line was

  $ ../configure --prefix=/home/shultz/git-builds/formfactor CFLAGS=-O3 -fargument-noalias-global -finline-limit=50000 -funroll-all-loops -fpeel-loops -march=native -fopenmp CXX=g++ CXXFLAGS=-O3 -g -fargument-noalias-global -finline-limit=50000 -funroll-all-loops -fpeel-loops -march=native -fopenmp LIBS=-lblas -llapack -lgfortran -lpthread --with-adat=/home/shultz/git-builds/adat --with-itpp=/home/shultz/git-builds/itpp --with-semble=/home/shultz/git-builds/semble --with-jackFitter=/home/shultz/git-builds/jackFitter

## --------- ##
## Platform. ##
## --------- ##

hostname = qcd12kmi
uname -m = x86_64
uname -r = 2.6.32-220.7.1.el6.x86_64
uname -s = Linux
uname -v = #1 SMP Wed Mar 7 00:52:02 GMT 2012

/usr/bin/uname -p = unknown
/bin/uname -X     = unknown

/bin/arch              = x86_64
/usr/bin/arch -k       = unknown
/usr/convex/getsysinfo = unknown
/usr/bin/hostinfo      = unknown
/bin/machine           = unknown
/usr/bin/oslevel       = unknown
/bin/universe          = unknown

PATH: /home/shultz/bin
PATH: /home/shultz/bin
PATH: /usr/lib64/qt-3.3/bin
PATH: /usr/NX/bin
PATH: /usr/java/jdk/bin
PATH: /usr/local/bin
PATH: /bin
PATH: /usr/bin
PATH: /home/shultz/git/adat/main/colorvec
PATH: /home/shultz/include
PATH: /home/shultz/bin
PATH: /home/shultz/scripts/shell_scripts
PATH: /home/shultz/git-builds/harom/scalar-Nd3/bin
PATH: /home/shultz/git-builds/adat/bin
PATH: /home/shultz/git-builds/reconfit_svd/bin
PATH: /home/shultz/git-builds/reconfit/bin
PATH: /home/shultz/git-builds/formfactor/bin
PATH: /home/shultz/git/scripts_cjs/three_point/utility
PATH: /home/shultz/git/scripts_cjs/three_point/check
PATH: /home/shultz/git/scripts_cjs/two_point/
PATH: /home/shultz/git/scripts_cjs/optimized_operators/
PATH: /home/shultz/git/adat/main/colorvec
PATH: /home/shultz/include
PATH: /home/shultz/bin
PATH: /home/shultz/scripts/shell_scripts
PATH: /home/shultz/git-builds/harom/scalar-Nd3/bin
PATH: /home/shultz/git-builds/adat/bin
PATH: /home/shultz/git-builds/reconfit_svd/bin
PATH: /home/shultz/git-builds/reconfit/bin
PATH: /home/shultz/git-builds/formfactor/bin
PATH: /home/shultz/git/scripts_cjs/three_point/utility
PATH: /home/shultz/git/scripts_cjs/three_point/check
PATH: /home/shultz/git/scripts_cjs/two_point/
PATH: /home/shultz/git/scripts_cjs/optimized_operators/


## ----------- ##
## Core tests. ##
## ----------- ##

configure:1981: checking for C++ compiler version
configure:1989: g++ --version >&5
g++ (GCC) 4.4.6 20110731 (Red Hat 4.4.6-3)
Copyright (C) 2010 Free Software Foundation, Inc.
This is free software; see the source for copying conditions.  There is NO
warranty; not even for MERCHANTABILITY or FITNESS FOR A PARTICULAR PURPOSE.

configure:1993: $? = 0
configure:2000: g++ -v >&5
Using built-in specs.
Target: x86_64-redhat-linux
Configured with: ../configure --prefix=/usr --mandir=/usr/share/man --infodir=/usr/share/info --with-bugurl=http://bugzilla.redhat.com/bugzilla --enable-bootstrap --enable-shared --enable-threads=posix --enable-checking=release --with-system-zlib --enable-__cxa_atexit --disable-libunwind-exceptions --enable-gnu-unique-object --enable-languages=c,c++,objc,obj-c++,java,fortran,ada --enable-java-awt=gtk --disable-dssi --with-java-home=/usr/lib/jvm/java-1.5.0-gcj-1.5.0.0/jre --enable-libgcj-multifile --enable-java-maintainer-mode --with-ecj-jar=/usr/share/java/eclipse-ecj.jar --disable-libjava-multilib --with-ppl --with-cloog --with-tune=generic --with-arch_32=i686 --build=x86_64-redhat-linux
Thread model: posix
gcc version 4.4.6 20110731 (Red Hat 4.4.6-3) (GCC) 
configure:2004: $? = 0
configure:2011: g++ -V >&5
g++: '-V' option must have argument
configure:2015: $? = 1
configure:2038: checking for C++ compiler default output file name
configure:2060: g++ -O3 -g -fargument-noalias-global -finline-limit=50000 -funroll-all-loops -fpeel-loops -march=native -fopenmp   conftest.cpp -lblas -llapack -lgfortran -lpthread >&5
configure:2064: $? = 0
configure:2102: result: a.out
configure:2121: checking whether the C++ compiler works
configure:2131: ./a.out
configure:2135: $? = 0
configure:2154: result: yes
configure:2161: checking whether we are cross compiling
configure:2163: result: no
configure:2166: checking for suffix of executables
configure:2173: g++ -o conftest -O3 -g -fargument-noalias-global -finline-limit=50000 -funroll-all-loops -fpeel-loops -march=native -fopenmp   conftest.cpp -lblas -llapack -lgfortran -lpthread >&5
configure:2177: $? = 0
configure:2203: result: 
configure:2209: checking for suffix of object files
configure:2235: g++ -c -O3 -g -fargument-noalias-global -finline-limit=50000 -funroll-all-loops -fpeel-loops -march=native -fopenmp  conftest.cpp >&5
configure:2239: $? = 0
configure:2264: result: o
configure:2268: checking whether we are using the GNU C++ compiler
configure:2297: g++ -c -O3 -g -fargument-noalias-global -finline-limit=50000 -funroll-all-loops -fpeel-loops -march=native -fopenmp  conftest.cpp >&5
configure:2304: $? = 0
configure:2321: result: yes
configure:2330: checking whether g++ accepts -g
configure:2360: g++ -c -g  conftest.cpp >&5
configure:2367: $? = 0
configure:2468: result: yes
configure:2545: checking for gcc
configure:2561: found /usr/bin/gcc
configure:2572: result: gcc
configure:2606: checking for C compiler version
configure:2614: gcc --version >&5
gcc (GCC) 4.4.6 20110731 (Red Hat 4.4.6-3)
Copyright (C) 2010 Free Software Foundation, Inc.
This is free software; see the source for copying conditions.  There is NO
warranty; not even for MERCHANTABILITY or FITNESS FOR A PARTICULAR PURPOSE.

configure:2618: $? = 0
configure:2625: gcc -v >&5
Using built-in specs.
Target: x86_64-redhat-linux
Configured with: ../configure --prefix=/usr --mandir=/usr/share/man --infodir=/usr/share/info --with-bugurl=http://bugzilla.redhat.com/bugzilla --enable-bootstrap --enable-shared --enable-threads=posix --enable-checking=release --with-system-zlib --enable-__cxa_atexit --disable-libunwind-exceptions --enable-gnu-unique-object --enable-languages=c,c++,objc,obj-c++,java,fortran,ada --enable-java-awt=gtk --disable-dssi --with-java-home=/usr/lib/jvm/java-1.5.0-gcj-1.5.0.0/jre --enable-libgcj-multifile --enable-java-maintainer-mode --with-ecj-jar=/usr/share/java/eclipse-ecj.jar --disable-libjava-multilib --with-ppl --with-cloog --with-tune=generic --with-arch_32=i686 --build=x86_64-redhat-linux
Thread model: posix
gcc version 4.4.6 20110731 (Red Hat 4.4.6-3) (GCC) 
configure:2629: $? = 0
configure:2636: gcc -V >&5
gcc: '-V' option must have argument
configure:2640: $? = 1
configure:2643: checking whether we are using the GNU C compiler
configure:2672: gcc -c -O3 -fargument-noalias-global -finline-limit=50000 -funroll-all-loops -fpeel-loops -march=native -fopenmp  conftest.c >&5
configure:2679: $? = 0
configure:2696: result: yes
configure:2705: checking whether gcc accepts -g
configure:2735: gcc -c -g  conftest.c >&5
configure:2742: $? = 0
configure:2843: result: yes
configure:2860: checking for gcc option to accept ISO C89
configure:2934: gcc  -c -O3 -fargument-noalias-global -finline-limit=50000 -funroll-all-loops -fpeel-loops -march=native -fopenmp  conftest.c >&5
configure:2941: $? = 0
configure:2964: result: none needed
configure:3025: checking for ranlib
configure:3041: found /usr/bin/ranlib
configure:3052: result: ranlib
configure:3091: checking for a BSD-compatible install
configure:3159: result: /usr/bin/install -c
configure:3170: checking whether build environment is sane
configure:3230: result: yes
configure:3371: checking for a thread-safe mkdir -p
configure:3410: result: /bin/mkdir -p
configure:3423: checking for gawk
configure:3439: found /bin/gawk
configure:3450: result: gawk
configure:3461: checking whether make sets $(MAKE)
configure:3483: result: yes
configure:3513: checking for style of include used by make
configure:3541: result: GNU
configure:3628: checking dependency style of gcc
configure:3738: result: gcc3
configure:3755: checking dependency style of g++
configure:3865: result: gcc3
configure:3937: checking for adat-config
configure:3956: found /home/shultz/git-builds/adat/bin/adat-config
configure:3968: result: /home/shultz/git-builds/adat/bin/adat-config
configure:3984: Found ADAT configuration program /home/shultz/git-builds/adat/bin/adat-config
configure:3988: ADAT compiler: g++
configure:3992: ADAT compile flags: -O3 -fargument-noalias-global -finline-limit=50000 -funroll-all-loops -fpeel-loops -march=core2 -fopenmp -std=c++0x -I/home/shultz/git-builds/adat/include -I/usr/include/libxml2
configure:3996: ADAT linking flags: -L/home/shultz/git-builds/adat/lib
configure:4000: ADAT libraries flags: -ladat -lfiledb -lfilehash -lXPathReader -lxmlWriter -lMinuit2Base -lxml2 -lz -lm
configure:4006: checking if we can compile/link a simple adat program
configure:4057: g++ -o conftest -O3 -g -fargument-noalias-global -finline-limit=50000 -funroll-all-loops -fpeel-loops -march=native -fopenmp -O3 -fargument-noalias-global -finline-limit=50000 -funroll-all-loops -fpeel-loops -march=core2 -fopenmp -std=c++0x -I/home/shultz/git-builds/adat/include -I/usr/include/libxml2   -L/home/shultz/git-builds/adat/lib conftest.cpp -lblas -llapack -lgfortran -lpthread -ladat -lfiledb -lfilehash -lXPathReader -lxmlWriter -lMinuit2Base -lxml2 -lz -lm >&5
conftest.cpp: In function 'int main()':
conftest.cpp:20: warning: deprecated conversion from string constant to 'char*'
configure:4064: $? = 0
configure:4103: result: yes
configure:4128: "Using ITPP in /home/shultz/git-builds/itpp"
configure:4132: checking for itpp-config
configure:4151: found /home/shultz/git-builds/itpp/bin/itpp-config
configure:4163: result: /home/shultz/git-builds/itpp/bin/itpp-config
configure:4176: Found ITPP configuration program /home/shultz/git-builds/itpp/bin/itpp-config
configure:4180: ITPP compile flags:  -I/home/shultz/git-builds/itpp/include -DNDEBUG -O3 -pipe
configure:4184: ITPP libraries flags:  -L/home/shultz/git-builds/itpp/lib -litpp -L/usr/lib64 /usr/lib64/liblapack.a -lblas -llapack -lgfortran
configure:4284: checking for semble-config
configure:4303: found /home/shultz/git-builds/semble/bin/semble-config
configure:4315: result: /home/shultz/git-builds/semble/bin/semble-config
configure:4335: Found semble configuration program /home/shultz/git-builds/semble/bin/semble-config
configure:4339: semble compiler: g++
configure:4343: semble compile flags: -O3 -fargument-noalias-global -finline-limit=50000 -funroll-all-loops -fpeel-loops -march=nocona -fopenmp -I/home/shultz/git-builds/semble/include
configure:4347: semble linking flags: -L/home/shultz/git-builds/semble/lib
configure:4351: semble libraries flags: -lsemble
configure:4407: checking for jackFitter-config
configure:4426: found /home/shultz/git-builds/jackFitter/bin/jackFitter-config
configure:4438: result: /home/shultz/git-builds/jackFitter/bin/jackFitter-config
configure:4459: Found semble configuration program /home/shultz/git-builds/jackFitter/bin/jackFitter-config
configure:4463: jackFitter compiler: g++
configure:4467: jackFitter compile flags: -O3 -fargument-noalias-global -finline-limit=50000 -funroll-all-loops -fpeel-loops -march=nocona -fopenmp -DUSE_OMP -I/home/shultz/git-builds/jackFitter/include
configure:4471: jackFitter linking flags: -L/home/shultz/git-builds/jackFitter/lib
configure:4475: jackFitter libraries flags: -ljackFitter
configure:4680: creating ./config.status

## ---------------------- ##
## Running config.status. ##
## ---------------------- ##

This file was extended by radmat config.status 1.0, which was
generated by GNU Autoconf 2.63.  Invocation command line was

  CONFIG_FILES    = 
  CONFIG_HEADERS  = 
  CONFIG_LINKS    = 
  CONFIG_COMMANDS = 
  $ ./config.status 

on qcd12kmi

config.status:720: creating Makefile
config.status:720: creating lib/Makefile
config.status:720: creating main/Makefile
config.status:720: creating tests/Makefile
config.status:924: executing depfiles commands

## ---------------- ##
## Cache variables. ##
## ---------------- ##

ac_cv_c_compiler_gnu=yes
ac_cv_cxx_compiler_gnu=yes
ac_cv_env_CCC_set=
ac_cv_env_CCC_value=
ac_cv_env_CC_set=
ac_cv_env_CC_value=
ac_cv_env_CFLAGS_set=set
ac_cv_env_CFLAGS_value='-O3 -fargument-noalias-global -finline-limit=50000 -funroll-all-loops -fpeel-loops -march=native -fopenmp'
ac_cv_env_CPPFLAGS_set=
ac_cv_env_CPPFLAGS_value=
ac_cv_env_CXXFLAGS_set=set
ac_cv_env_CXXFLAGS_value='-O3 -g -fargument-noalias-global -finline-limit=50000 -funroll-all-loops -fpeel-loops -march=native -fopenmp'
ac_cv_env_CXX_set=set
ac_cv_env_CXX_value=g++
ac_cv_env_LDFLAGS_set=
ac_cv_env_LDFLAGS_value=
ac_cv_env_LIBS_set=set
ac_cv_env_LIBS_value='-lblas -llapack -lgfortran -lpthread'
ac_cv_env_build_alias_set=
ac_cv_env_build_alias_value=
ac_cv_env_host_alias_set=
ac_cv_env_host_alias_value=
ac_cv_env_target_alias_set=
ac_cv_env_target_alias_value=
ac_cv_objext=o
ac_cv_path_ADAT_CONFIG=/home/shultz/git-builds/adat/bin/adat-config
ac_cv_path_ITPP_CONFIG=/home/shultz/git-builds/itpp/bin/itpp-config
ac_cv_path_JACKFITTER_CONFIG=/home/shultz/git-builds/jackFitter/bin/jackFitter-config
ac_cv_path_SEMBLE_CONFIG=/home/shultz/git-builds/semble/bin/semble-config
ac_cv_path_install='/usr/bin/install -c'
ac_cv_path_mkdir=/bin/mkdir
ac_cv_prog_AWK=gawk
ac_cv_prog_ac_ct_CC=gcc
ac_cv_prog_ac_ct_RANLIB=ranlib
ac_cv_prog_cc_c89=
ac_cv_prog_cc_g=yes
ac_cv_prog_cxx_g=yes
ac_cv_prog_make_make_set=yes
am_cv_CC_dependencies_compiler_type=gcc3
am_cv_CXX_dependencies_compiler_type=gcc3

## ----------------- ##
## Output variables. ##
## ----------------- ##

ACLOCAL='${SHELL} /home/shultz/git/formfactor/config/missing --run aclocal-1.11'
ADAT_CONFIG='/home/shultz/git-builds/adat/bin/adat-config'
ADAT_CXXFLAGS='-O3 -fargument-noalias-global -finline-limit=50000 -funroll-all-loops -fpeel-loops -march=core2 -fopenmp -std=c++0x -I/home/shultz/git-builds/adat/include -I/usr/include/libxml2'
ADAT_LDFLAGS='-L/home/shultz/git-builds/adat/lib'
ADAT_LIBS='-ladat -lfiledb -lfilehash -lXPathReader -lxmlWriter -lMinuit2Base -lxml2 -lz -lm'
ADAT_MPI_COMMS_FALSE=''
ADAT_MPI_COMMS_TRUE='#'
ADAT_SINGLE_COMMS_FALSE='#'
ADAT_SINGLE_COMMS_TRUE=''
AMDEPBACKSLASH='\'
AMDEP_FALSE='#'
AMDEP_TRUE=''
AMTAR='${SHELL} /home/shultz/git/formfactor/config/missing --run tar'
AUTOCONF='${SHELL} /home/shultz/git/formfactor/config/missing --run autoconf'
AUTOHEADER='${SHELL} /home/shultz/git/formfactor/config/missing --run autoheader'
AUTOMAKE='${SHELL} /home/shultz/git/formfactor/config/missing --run automake-1.11'
AWK='gawk'
CC='gcc'
CCDEPMODE='depmode=gcc3'
CFLAGS='-O3 -fargument-noalias-global -finline-limit=50000 -funroll-all-loops -fpeel-loops -march=native -fopenmp'
CPPFLAGS=''
CXX='g++'
CXXDEPMODE='depmode=gcc3'
CXXFLAGS='-O3 -g -fargument-noalias-global -finline-limit=50000 -funroll-all-loops -fpeel-loops -march=native -fopenmp'
CYGPATH_W='echo'
DEFS='-DPACKAGE_NAME=\"radmat\" -DPACKAGE_TARNAME=\"radmat\" -DPACKAGE_VERSION=\"1.0\" -DPACKAGE_STRING=\"radmat\ 1.0\" -DPACKAGE_BUGREPORT=\"shultz@jlab.org\" -DPACKAGE=\"radmat\" -DVERSION=\"1.0\"'
DEPDIR='.deps'
ECHO_C=''
ECHO_N='-n'
ECHO_T=''
EXEEXT=''
INSTALL_DATA='${INSTALL} -m 644'
INSTALL_PROGRAM='${INSTALL}'
INSTALL_SCRIPT='${INSTALL}'
INSTALL_STRIP_PROGRAM='$(install_sh) -c -s'
ITPP_CONFIG='/home/shultz/git-builds/itpp/bin/itpp-config'
ITPP_CXXFLAGS=' -I/home/shultz/git-builds/itpp/include -DNDEBUG -O3 -pipe'
ITPP_LIBS=' -L/home/shultz/git-builds/itpp/lib -litpp -L/usr/lib64 /usr/lib64/liblapack.a -lblas -llapack -lgfortran'
JACKFITTER_CONFIG='/home/shultz/git-builds/jackFitter/bin/jackFitter-config'
JACKFITTER_CXXFLAGS='-O3 -fargument-noalias-global -finline-limit=50000 -funroll-all-loops -fpeel-loops -march=nocona -fopenmp -DUSE_OMP -I/home/shultz/git-builds/jackFitter/include'
JACKFITTER_LDFLAGS='-L/home/shultz/git-builds/jackFitter/lib'
JACKFITTER_LIBS='-ljackFitter'
LDFLAGS=''
LIBOBJS=''
LIBS='-lblas -llapack -lgfortran -lpthread'
LTLIBOBJS=''
MAKEINFO='${SHELL} /home/shultz/git/formfactor/config/missing --run makeinfo'
MKDIR_P='/bin/mkdir -p'
OBJEXT='o'
PACKAGE='radmat'
PACKAGE_BUGREPORT='shultz@jlab.org'
PACKAGE_NAME='radmat'
PACKAGE_STRING='radmat 1.0'
PACKAGE_TARNAME='radmat'
PACKAGE_VERSION='1.0'
PATH_SEPARATOR=':'
RANLIB='ranlib'
SEMBLE_CONFIG='/home/shultz/git-builds/semble/bin/semble-config'
SEMBLE_CXXFLAGS='-O3 -fargument-noalias-global -finline-limit=50000 -funroll-all-loops -fpeel-loops -march=nocona -fopenmp -I/home/shultz/git-builds/semble/include'
SEMBLE_LDFLAGS='-L/home/shultz/git-builds/semble/lib'
SEMBLE_LIBS='-lsemble'
SET_MAKE=''
SHELL='/bin/sh'
STRIP=''
VERSION='1.0'
ac_ct_CC='gcc'
ac_ct_CXX=''
am__EXEEXT_FALSE=''
am__EXEEXT_TRUE='#'
am__fastdepCC_FALSE='#'
am__fastdepCC_TRUE=''
am__fastdepCXX_FALSE='#'
am__fastdepCXX_TRUE=''
am__include='include'
am__isrc=' -I$(srcdir)'
am__leading_dot='.'
am__quote=''
am__tar='${AMTAR} chof - "$$tardir"'
am__untar='${AMTAR} xf -'
bindir='${exec_prefix}/bin'
build_alias=''
datadir='${datarootdir}'
datarootdir='${prefix}/share'
docdir='${datarootdir}/doc/${PACKAGE_TARNAME}'
dvidir='${docdir}'
exec_prefix='${prefix}'
host_alias=''
htmldir='${docdir}'
includedir='${prefix}/include'
infodir='${datarootdir}/info'
install_sh='${SHELL} /home/shultz/git/formfactor/config/install-sh'
libdir='${exec_prefix}/lib'
libexecdir='${exec_prefix}/libexec'
localedir='${datarootdir}/locale'
localstatedir='${prefix}/var'
mandir='${datarootdir}/man'
mkdir_p='/bin/mkdir -p'
oldincludedir='/usr/include'
pdfdir='${docdir}'
prefix='/home/shultz/git-builds/formfactor'
program_transform_name='s,x,x,'
psdir='${docdir}'
sbindir='${exec_prefix}/sbin'
sharedstatedir='${prefix}/com'
sysconfdir='${prefix}/etc'
target_alias=''

## ----------- ##
## confdefs.h. ##
## ----------- ##

#define PACKAGE_NAME "radmat"
#define PACKAGE_TARNAME "radmat"
#define PACKAGE_VERSION "1.0"
#define PACKAGE_STRING "radmat 1.0"
#define PACKAGE_BUGREPORT "shultz@jlab.org"
#define PACKAGE "radmat"
#define VERSION "1.0"

configure: exit 0
